This file contains any messages produced by compilers while
running configure, to aid debugging if configure makes a mistake.

It was created by configure, which was
generated by GNU Autoconf 2.69.  Invocation command line was

  $ ./configure 

## --------- ##
## Platform. ##
## --------- ##

hostname = Simons-MacBook-Pro.local
uname -m = x86_64
uname -r = 12.2.0
uname -s = Darwin
uname -v = Darwin Kernel Version 12.2.0: Sat Aug 25 00:48:52 PDT 2012; root:xnu-2050.18.24~1/RELEASE_X86_64

/usr/bin/uname -p = i386
/bin/uname -X     = unknown

/bin/arch              = unknown
/usr/bin/arch -k       = unknown
/usr/convex/getsysinfo = unknown
/usr/bin/hostinfo      = Mach kernel version:
	 Darwin Kernel Version 12.2.0: Sat Aug 25 00:48:52 PDT 2012; root:xnu-2050.18.24~1/RELEASE_X86_64
Kernel configured for up to 4 processors.
2 processors are physically available.
4 processors are logically available.
Processor type: i486 (Intel 80486)
Processors active: 0 1 2 3
Primary memory available: 8.00 gigabytes
Default processor set: 127 tasks, 629 threads, 4 processors
Load average: 1.09, Mach factor: 2.90
/bin/machine           = unknown
/usr/bin/oslevel       = unknown
/bin/universe          = unknown

PATH: /usr/gcc-4.7.1/bin
PATH: /opt/local/bin
PATH: /opt/local/sbin
PATH: /usr/bin
PATH: /bin
PATH: /usr/sbin
PATH: /sbin
PATH: /usr/local/bin
PATH: /opt/X11/bin
PATH: /usr/texbin
PATH: /Developer
PATH: /Users/simonzehnder/QtSDK/Desktop/Qt/4.8.1/gcc/include
PATH: usr/local/packages/pdt/apple/intel/bin
PATH: /Users/simonzehnder/grails/bin
PATH: /Users/simonzehnder/groovy-1.8.6/bin
PATH: /opt/local/lib/qt3
PATH: /usr/lib


## ----------- ##
## Core tests. ##
## ----------- ##

configure:2245: checking for C++ compiler version
configure:2254: g++-4.7 --version >&5
g++-4.7 (GCC) 4.7.1
Copyright (C) 2012 Free Software Foundation, Inc.
This is free software; see the source for copying conditions.  There is NO
warranty; not even for MERCHANTABILITY or FITNESS FOR A PARTICULAR PURPOSE.

configure:2265: $? = 0
configure:2254: g++-4.7 -v >&5
Using built-in specs.
COLLECT_GCC=g++-4.7
COLLECT_LTO_WRAPPER=/usr/gcc-4.7.1/libexec/gcc/x86_64-apple-darwin12.1.0/4.7.1/lto-wrapper
Target: x86_64-apple-darwin12.1.0
Configured with: ../configure --prefix=/usr/gcc-4.7.1/ --enable-checking=release --with-gmp=/usr/gcc-4.7.1/ --with-mpfr=/usr/gcc-4.7.1/ --with-mpc=/usr/gcc-4.7.1/ --with-ppl=/usr/gcc-4.7.1/ --with-cloog=/usr/gcc-4.7.1/ --program-suffix=-4.7 --enable-languages=c,c++,fortran,objc,obj-c++
Thread model: posix
gcc version 4.7.1 (GCC) 
configure:2265: $? = 0
configure:2254: g++-4.7 -V >&5
g++-4.7: error: unrecognized command line option '-V'
g++-4.7: fatal error: no input files
compilation terminated.
configure:2265: $? = 1
configure:2254: g++-4.7 -qversion >&5
g++-4.7: error: unrecognized command line option '-qversion'
g++-4.7: fatal error: no input files
compilation terminated.
configure:2265: $? = 1
configure:2285: checking whether the C++ compiler works
configure:2307: g++-4.7    conftest.cpp  >&5
configure:2311: $? = 0
configure:2359: result: yes
configure:2362: checking for C++ compiler default output file name
configure:2364: result: a.out
configure:2370: checking for suffix of executables
configure:2377: g++-4.7 -o conftest    conftest.cpp  >&5
configure:2381: $? = 0
configure:2403: result: 
configure:2425: checking whether we are cross compiling
configure:2433: g++-4.7 -o conftest    conftest.cpp  >&5
configure:2437: $? = 0
configure:2444: ./conftest
configure:2448: $? = 0
configure:2463: result: no
configure:2468: checking for suffix of object files
configure:2490: g++-4.7 -c   conftest.cpp >&5
configure:2494: $? = 0
configure:2515: result: o
configure:2519: checking whether we are using the GNU C++ compiler
configure:2538: g++-4.7 -c   conftest.cpp >&5
configure:2538: $? = 0
configure:2547: result: yes
configure:2556: checking whether g++-4.7 accepts -g
configure:2576: g++-4.7 -c -g  conftest.cpp >&5
configure:2576: $? = 0
configure:2617: result: yes
configure:2701: checking for gcc
configure:2717: found /usr/bin/gcc
configure:2728: result: gcc
configure:2957: checking for C compiler version
configure:2966: gcc --version >&5
i686-apple-darwin11-llvm-gcc-4.2 (GCC) 4.2.1 (Based on Apple Inc. build 5658) (LLVM build 2336.11.00)
Copyright (C) 2007 Free Software Foundation, Inc.
This is free software; see the source for copying conditions.  There is NO
warranty; not even for MERCHANTABILITY or FITNESS FOR A PARTICULAR PURPOSE.

configure:2977: $? = 0
configure:2966: gcc -v >&5
Using built-in specs.
Target: i686-apple-darwin11
Configured with: /private/var/tmp/llvmgcc42/llvmgcc42-2336.11~28/src/configure --disable-checking --enable-werror --prefix=/Applications/Xcode.app/Contents/Developer/usr/llvm-gcc-4.2 --mandir=/share/man --enable-languages=c,objc,c++,obj-c++ --program-prefix=llvm- --program-transform-name=/^[cg][^.-]*$/s/$/-4.2/ --with-slibdir=/usr/lib --build=i686-apple-darwin11 --enable-llvm=/private/var/tmp/llvmgcc42/llvmgcc42-2336.11~28/dst-llvmCore/Developer/usr/local --program-prefix=i686-apple-darwin11- --host=x86_64-apple-darwin11 --target=i686-apple-darwin11 --with-gxx-include-dir=/usr/include/c++/4.2.1
Thread model: posix
gcc version 4.2.1 (Based on Apple Inc. build 5658) (LLVM build 2336.11.00)
configure:2977: $? = 0
configure:2966: gcc -V >&5
llvm-gcc-4.2: argument to `-V' is missing
configure:2977: $? = 1
configure:2966: gcc -qversion >&5
i686-apple-darwin11-llvm-gcc-4.2: no input files
configure:2977: $? = 1
configure:2981: checking whether we are using the GNU C compiler
configure:3000: gcc -c   conftest.c >&5
configure:3000: $? = 0
configure:3009: result: yes
configure:3018: checking whether gcc accepts -g
configure:3038: gcc -c -g  conftest.c >&5
configure:3038: $? = 0
configure:3079: result: yes
configure:3096: checking for gcc option to accept ISO C89
configure:3159: gcc  -c -g -O2  conftest.c >&5
configure:3159: $? = 0
configure:3172: result: none needed
configure:3198: checking how to run the C preprocessor
configure:3229: gcc -E  conftest.c
configure:3229: $? = 0
configure:3243: gcc -E  conftest.c
conftest.c:9:28: error: ac_nonexistent.h: No such file or directory
configure:3243: $? = 1
configure: failed program was:
| /* confdefs.h */
| #define PACKAGE_NAME ""
| #define PACKAGE_TARNAME ""
| #define PACKAGE_VERSION ""
| #define PACKAGE_STRING ""
| #define PACKAGE_BUGREPORT ""
| #define PACKAGE_URL ""
| /* end confdefs.h.  */
| #include <ac_nonexistent.h>
configure:3268: result: gcc -E
configure:3288: gcc -E  conftest.c
configure:3288: $? = 0
configure:3302: gcc -E  conftest.c
conftest.c:9:28: error: ac_nonexistent.h: No such file or directory
configure:3302: $? = 1
configure: failed program was:
| /* confdefs.h */
| #define PACKAGE_NAME ""
| #define PACKAGE_TARNAME ""
| #define PACKAGE_VERSION ""
| #define PACKAGE_STRING ""
| #define PACKAGE_BUGREPORT ""
| #define PACKAGE_URL ""
| /* end confdefs.h.  */
| #include <ac_nonexistent.h>
configure:3331: checking for grep that handles long lines and -e
configure:3389: result: /usr/bin/grep
configure:3394: checking for egrep
configure:3456: result: /usr/bin/grep -E
configure:3461: checking for ANSI C header files
configure:3481: gcc -c -g -O2  conftest.c >&5
configure:3481: $? = 0
configure:3554: gcc -o conftest -g -O2   conftest.c  >&5
configure:3554: $? = 0
configure:3554: ./conftest
configure:3554: $? = 0
configure:3565: result: yes
configure:3578: checking for sys/types.h
configure:3578: gcc -c -g -O2  conftest.c >&5
configure:3578: $? = 0
configure:3578: result: yes
configure:3578: checking for sys/stat.h
configure:3578: gcc -c -g -O2  conftest.c >&5
configure:3578: $? = 0
configure:3578: result: yes
configure:3578: checking for stdlib.h
configure:3578: gcc -c -g -O2  conftest.c >&5
configure:3578: $? = 0
configure:3578: result: yes
configure:3578: checking for string.h
configure:3578: gcc -c -g -O2  conftest.c >&5
configure:3578: $? = 0
configure:3578: result: yes
configure:3578: checking for memory.h
configure:3578: gcc -c -g -O2  conftest.c >&5
configure:3578: $? = 0
configure:3578: result: yes
configure:3578: checking for strings.h
configure:3578: gcc -c -g -O2  conftest.c >&5
configure:3578: $? = 0
configure:3578: result: yes
configure:3578: checking for inttypes.h
configure:3578: gcc -c -g -O2  conftest.c >&5
configure:3578: $? = 0
configure:3578: result: yes
configure:3578: checking for stdint.h
configure:3578: gcc -c -g -O2  conftest.c >&5
configure:3578: $? = 0
configure:3578: result: yes
configure:3578: checking for unistd.h
configure:3578: gcc -c -g -O2  conftest.c >&5
configure:3578: $? = 0
configure:3578: result: yes
configure:3592: checking ieeefp.h usability
configure:3592: gcc -c -g -O2  conftest.c >&5
conftest.c:52:20: error: ieeefp.h: No such file or directory
configure:3592: $? = 1
configure: failed program was:
| /* confdefs.h */
| #define PACKAGE_NAME ""
| #define PACKAGE_TARNAME ""
| #define PACKAGE_VERSION ""
| #define PACKAGE_STRING ""
| #define PACKAGE_BUGREPORT ""
| #define PACKAGE_URL ""
| #define STDC_HEADERS 1
| #define HAVE_SYS_TYPES_H 1
| #define HAVE_SYS_STAT_H 1
| #define HAVE_STDLIB_H 1
| #define HAVE_STRING_H 1
| #define HAVE_MEMORY_H 1
| #define HAVE_STRINGS_H 1
| #define HAVE_INTTYPES_H 1
| #define HAVE_STDINT_H 1
| #define HAVE_UNISTD_H 1
| /* end confdefs.h.  */
| #include <stdio.h>
| #ifdef HAVE_SYS_TYPES_H
| # include <sys/types.h>
| #endif
| #ifdef HAVE_SYS_STAT_H
| # include <sys/stat.h>
| #endif
| #ifdef STDC_HEADERS
| # include <stdlib.h>
| # include <stddef.h>
| #else
| # ifdef HAVE_STDLIB_H
| #  include <stdlib.h>
| # endif
| #endif
| #ifdef HAVE_STRING_H
| # if !defined STDC_HEADERS && defined HAVE_MEMORY_H
| #  include <memory.h>
| # endif
| # include <string.h>
| #endif
| #ifdef HAVE_STRINGS_H
| # include <strings.h>
| #endif
| #ifdef HAVE_INTTYPES_H
| # include <inttypes.h>
| #endif
| #ifdef HAVE_STDINT_H
| # include <stdint.h>
| #endif
| #ifdef HAVE_UNISTD_H
| # include <unistd.h>
| #endif
| #include <ieeefp.h>
configure:3592: result: no
configure:3592: checking ieeefp.h presence
configure:3592: gcc -E  conftest.c
conftest.c:19:20: error: ieeefp.h: No such file or directory
configure:3592: $? = 1
configure: failed program was:
| /* confdefs.h */
| #define PACKAGE_NAME ""
| #define PACKAGE_TARNAME ""
| #define PACKAGE_VERSION ""
| #define PACKAGE_STRING ""
| #define PACKAGE_BUGREPORT ""
| #define PACKAGE_URL ""
| #define STDC_HEADERS 1
| #define HAVE_SYS_TYPES_H 1
| #define HAVE_SYS_STAT_H 1
| #define HAVE_STDLIB_H 1
| #define HAVE_STRING_H 1
| #define HAVE_MEMORY_H 1
| #define HAVE_STRINGS_H 1
| #define HAVE_INTTYPES_H 1
| #define HAVE_STDINT_H 1
| #define HAVE_UNISTD_H 1
| /* end confdefs.h.  */
| #include <ieeefp.h>
configure:3592: result: no
configure:3592: checking for ieeefp.h
configure:3592: result: no
configure:3606: checking for trunc
configure:3606: gcc -o conftest -g -O2   conftest.c  >&5
conftest.c:42: warning: conflicting types for built-in function 'trunc'
configure:3606: $? = 0
configure:3606: result: yes
configure:3771: creating ./config.status

## ---------------------- ##
## Running config.status. ##
## ---------------------- ##

This file was extended by config.status, which was
generated by GNU Autoconf 2.69.  Invocation command line was

  CONFIG_FILES    = 
  CONFIG_HEADERS  = 
  CONFIG_LINKS    = 
  CONFIG_COMMANDS = 
  $ ./config.status 

on Simons-MacBook-Pro.local

config.status:728: creating src/Makevars

## ---------------- ##
## Cache variables. ##
## ---------------- ##

ac_cv_c_compiler_gnu=yes
ac_cv_cxx_compiler_gnu=yes
ac_cv_env_CCC_set=
ac_cv_env_CCC_value=
ac_cv_env_CC_set=
ac_cv_env_CC_value=
ac_cv_env_CFLAGS_set=
ac_cv_env_CFLAGS_value=
ac_cv_env_CPPFLAGS_set=
ac_cv_env_CPPFLAGS_value=
ac_cv_env_CPP_set=
ac_cv_env_CPP_value=
ac_cv_env_CXXFLAGS_set=
ac_cv_env_CXXFLAGS_value=
ac_cv_env_CXX_set=
ac_cv_env_CXX_value=
ac_cv_env_LDFLAGS_set=
ac_cv_env_LDFLAGS_value=
ac_cv_env_LIBS_set=
ac_cv_env_LIBS_value=
ac_cv_env_build_alias_set=
ac_cv_env_build_alias_value=
ac_cv_env_host_alias_set=
ac_cv_env_host_alias_value=
ac_cv_env_target_alias_set=
ac_cv_env_target_alias_value=
ac_cv_func_trunc=yes
ac_cv_header_ieeefp_h=no
ac_cv_header_inttypes_h=yes
ac_cv_header_memory_h=yes
ac_cv_header_stdc=yes
ac_cv_header_stdint_h=yes
ac_cv_header_stdlib_h=yes
ac_cv_header_string_h=yes
ac_cv_header_strings_h=yes
ac_cv_header_sys_stat_h=yes
ac_cv_header_sys_types_h=yes
ac_cv_header_unistd_h=yes
ac_cv_objext=o
ac_cv_path_EGREP='/usr/bin/grep -E'
ac_cv_path_GREP=/usr/bin/grep
ac_cv_prog_CPP='gcc -E'
ac_cv_prog_ac_ct_CC=gcc
ac_cv_prog_cc_c89=
ac_cv_prog_cc_g=yes
ac_cv_prog_cxx_g=yes

## ----------------- ##
## Output variables. ##
## ----------------- ##

CC='gcc'
CFLAGS='-g -O2'
CPP='gcc -E'
CPPFLAGS=''
CXX='g++-4.7'
CXXFLAGS='-g -O2'
DEFS='-DPACKAGE_NAME=\"\" -DPACKAGE_TARNAME=\"\" -DPACKAGE_VERSION=\"\" -DPACKAGE_STRING=\"\" -DPACKAGE_BUGREPORT=\"\" -DPACKAGE_URL=\"\" -DSTDC_HEADERS=1 -DHAVE_SYS_TYPES_H=1 -DHAVE_SYS_STAT_H=1 -DHAVE_STDLIB_H=1 -DHAVE_STRING_H=1 -DHAVE_MEMORY_H=1 -DHAVE_STRINGS_H=1 -DHAVE_INTTYPES_H=1 -DHAVE_STDINT_H=1 -DHAVE_UNISTD_H=1 -DHAVE_TRUNC=1'
ECHO_C='\c'
ECHO_N=''
ECHO_T=''
EGREP='/usr/bin/grep -E'
EXEEXT=''
GREP='/usr/bin/grep'
LDFLAGS=''
LIBOBJS=''
LIBS=''
LTLIBOBJS=''
MV_HAVE_IEEEFP_H=''
MV_HAVE_TRUNC='-DHAVE_TRUNC'
OBJEXT='o'
PACKAGE_BUGREPORT=''
PACKAGE_NAME=''
PACKAGE_STRING=''
PACKAGE_TARNAME=''
PACKAGE_URL=''
PACKAGE_VERSION=''
PATH_SEPARATOR=':'
SHELL='/bin/sh'
ac_ct_CC='gcc'
ac_ct_CXX=''
bindir='${exec_prefix}/bin'
build_alias=''
datadir='${datarootdir}'
datarootdir='${prefix}/share'
docdir='${datarootdir}/doc/${PACKAGE}'
dvidir='${docdir}'
exec_prefix='${prefix}'
host_alias=''
htmldir='${docdir}'
includedir='${prefix}/include'
infodir='${datarootdir}/info'
libdir='${exec_prefix}/lib'
libexecdir='${exec_prefix}/libexec'
localedir='${datarootdir}/locale'
localstatedir='${prefix}/var'
mandir='${datarootdir}/man'
oldincludedir='/usr/include'
pdfdir='${docdir}'
prefix='/usr/local'
program_transform_name='s,x,x,'
psdir='${docdir}'
sbindir='${exec_prefix}/sbin'
sharedstatedir='${prefix}/com'
sysconfdir='${prefix}/etc'
target_alias=''

## ----------- ##
## confdefs.h. ##
## ----------- ##

/* confdefs.h */
#define PACKAGE_NAME ""
#define PACKAGE_TARNAME ""
#define PACKAGE_VERSION ""
#define PACKAGE_STRING ""
#define PACKAGE_BUGREPORT ""
#define PACKAGE_URL ""
#define STDC_HEADERS 1
#define HAVE_SYS_TYPES_H 1
#define HAVE_SYS_STAT_H 1
#define HAVE_STDLIB_H 1
#define HAVE_STRING_H 1
#define HAVE_MEMORY_H 1
#define HAVE_STRINGS_H 1
#define HAVE_INTTYPES_H 1
#define HAVE_STDINT_H 1
#define HAVE_UNISTD_H 1
#define HAVE_TRUNC 1

configure: exit 0
